<?xml version="1.0" encoding="UTF-8"?>
<testng-results ignored="0" total="2" passed="2" failed="0" skipped="0">
  <reporter-output>
  </reporter-output>
  <suite started-at="2024-04-19T10:40:30Z" name="NoteLite" finished-at="2024-04-19T10:40:30Z" duration-ms="78">
    <groups>
    </groups>
    <test started-at="2024-04-19T10:40:30Z" name="client.service.ClientServerServiceTest" finished-at="2024-04-19T10:40:30Z" duration-ms="78">
      <class name="client.service.ClientServerServiceTest">
        <test-method signature="testCheckLoginExcept() throws java.lang.Exception" started-at="2024-04-19T10:40:30Z" name="testCheckLoginExcept" finished-at="2024-04-19T10:40:30Z" duration-ms="38" status="PASS">
          <reporter-output>
          </reporter-output>
        </test-method> <!-- testCheckLoginExcept -->
        <test-method signature="testCheckLoginSuccess() throws java.lang.Exception" started-at="2024-04-19T10:40:30Z" name="testCheckLoginSuccess" finished-at="2024-04-19T10:40:30Z" duration-ms="26" status="PASS">
          <reporter-output>
          </reporter-output>
        </test-method> <!-- testCheckLoginSuccess -->
      </class> <!-- client.service.ClientServerServiceTest -->
    </test> <!-- client.service.ClientServerServiceTest -->
  </suite> <!-- NoteLite -->
</testng-results>
